<?xml version="1.0" encoding="UTF-8"?>
<testsuites>
  <testsuite name="fastlane.lanes">
    
    
    
      
      <testcase classname="fastlane.lanes" name="0: Verifying fastlane version" time="0.008583">
        
      </testcase>
    
      
      <testcase classname="fastlane.lanes" name="1: default_platform" time="0.001363">
        
      </testcase>
    
      
      <testcase classname="fastlane.lanes" name="2: build_android_app" time="59.727502">
        
      </testcase>
    
      
      <testcase classname="fastlane.lanes" name="3: crashlytics" time="47.183392">
        
          <failure message="/Users/rashadcureton/.rbenv/versions/2.4.1/lib/ruby/gems/2.4.0/gems/fastlane-2.102.0/fastlane/lib/fastlane/actions/actions_helper.rb:48:in `execute_action'&#10;/Users/rashadcureton/.rbenv/versions/2.4.1/lib/ruby/gems/2.4.0/gems/fastlane-2.102.0/fastlane/lib/fastlane/runner.rb:232:in `block in execute_action'&#10;/Users/rashadcureton/.rbenv/versions/2.4.1/lib/ruby/gems/2.4.0/gems/fastlane-2.102.0/fastlane/lib/fastlane/runner.rb:227:in `chdir'&#10;/Users/rashadcureton/.rbenv/versions/2.4.1/lib/ruby/gems/2.4.0/gems/fastlane-2.102.0/fastlane/lib/fastlane/runner.rb:227:in `execute_action'&#10;/Users/rashadcureton/.rbenv/versions/2.4.1/lib/ruby/gems/2.4.0/gems/fastlane-2.102.0/fastlane/lib/fastlane/runner.rb:157:in `trigger_action_by_name'&#10;/Users/rashadcureton/.rbenv/versions/2.4.1/lib/ruby/gems/2.4.0/gems/fastlane-2.102.0/fastlane/lib/fastlane/fast_file.rb:149:in `method_missing'&#10;Fastfile:75:in `block in parsing_binding'&#10;/Users/rashadcureton/.rbenv/versions/2.4.1/lib/ruby/gems/2.4.0/gems/fastlane-2.102.0/fastlane/lib/fastlane/lane.rb:33:in `call'&#10;/Users/rashadcureton/.rbenv/versions/2.4.1/lib/ruby/gems/2.4.0/gems/fastlane-2.102.0/fastlane/lib/fastlane/runner.rb:49:in `block in execute'&#10;/Users/rashadcureton/.rbenv/versions/2.4.1/lib/ruby/gems/2.4.0/gems/fastlane-2.102.0/fastlane/lib/fastlane/runner.rb:45:in `chdir'&#10;/Users/rashadcureton/.rbenv/versions/2.4.1/lib/ruby/gems/2.4.0/gems/fastlane-2.102.0/fastlane/lib/fastlane/runner.rb:45:in `execute'&#10;/Users/rashadcureton/.rbenv/versions/2.4.1/lib/ruby/gems/2.4.0/gems/fastlane-2.102.0/fastlane/lib/fastlane/lane_manager.rb:56:in `cruise_lane'&#10;/Users/rashadcureton/.rbenv/versions/2.4.1/lib/ruby/gems/2.4.0/gems/fastlane-2.102.0/fastlane/lib/fastlane/command_line_handler.rb:36:in `handle'&#10;/Users/rashadcureton/.rbenv/versions/2.4.1/lib/ruby/gems/2.4.0/gems/fastlane-2.102.0/fastlane/lib/fastlane/commands_generator.rb:108:in `block (2 levels) in run'&#10;/Users/rashadcureton/.rbenv/versions/2.4.1/lib/ruby/gems/2.4.0/gems/commander-fastlane-4.4.6/lib/commander/command.rb:178:in `call'&#10;/Users/rashadcureton/.rbenv/versions/2.4.1/lib/ruby/gems/2.4.0/gems/commander-fastlane-4.4.6/lib/commander/command.rb:153:in `run'&#10;/Users/rashadcureton/.rbenv/versions/2.4.1/lib/ruby/gems/2.4.0/gems/commander-fastlane-4.4.6/lib/commander/runner.rb:476:in `run_active_command'&#10;/Users/rashadcureton/.rbenv/versions/2.4.1/lib/ruby/gems/2.4.0/gems/fastlane-2.102.0/fastlane_core/lib/fastlane_core/ui/fastlane_runner.rb:74:in `run!'&#10;/Users/rashadcureton/.rbenv/versions/2.4.1/lib/ruby/gems/2.4.0/gems/commander-fastlane-4.4.6/lib/commander/delegates.rb:15:in `run!'&#10;/Users/rashadcureton/.rbenv/versions/2.4.1/lib/ruby/gems/2.4.0/gems/fastlane-2.102.0/fastlane/lib/fastlane/commands_generator.rb:333:in `run'&#10;/Users/rashadcureton/.rbenv/versions/2.4.1/lib/ruby/gems/2.4.0/gems/fastlane-2.102.0/fastlane/lib/fastlane/commands_generator.rb:41:in `start'&#10;/Users/rashadcureton/.rbenv/versions/2.4.1/lib/ruby/gems/2.4.0/gems/fastlane-2.102.0/fastlane/lib/fastlane/cli_tools_distributor.rb:108:in `take_off'&#10;/Users/rashadcureton/.rbenv/versions/2.4.1/lib/ruby/gems/2.4.0/gems/fastlane-2.102.0/bin/fastlane:20:in `&lt;top (required)&gt;'&#10;/Users/rashadcureton/.rbenv/versions/2.4.1/bin/fastlane:22:in `load'&#10;/Users/rashadcureton/.rbenv/versions/2.4.1/bin/fastlane:22:in `&lt;top (required)&gt;'&#10;/Users/rashadcureton/.rbenv/versions/2.4.1/lib/ruby/gems/2.4.0/gems/bundler-1.16.1/lib/bundler/cli/exec.rb:75:in `load'&#10;/Users/rashadcureton/.rbenv/versions/2.4.1/lib/ruby/gems/2.4.0/gems/bundler-1.16.1/lib/bundler/cli/exec.rb:75:in `kernel_load'&#10;/Users/rashadcureton/.rbenv/versions/2.4.1/lib/ruby/gems/2.4.0/gems/bundler-1.16.1/lib/bundler/cli/exec.rb:28:in `run'&#10;/Users/rashadcureton/.rbenv/versions/2.4.1/lib/ruby/gems/2.4.0/gems/bundler-1.16.1/lib/bundler/cli.rb:424:in `exec'&#10;/Users/rashadcureton/.rbenv/versions/2.4.1/lib/ruby/gems/2.4.0/gems/bundler-1.16.1/lib/bundler/vendor/thor/lib/thor/command.rb:27:in `run'&#10;/Users/rashadcureton/.rbenv/versions/2.4.1/lib/ruby/gems/2.4.0/gems/bundler-1.16.1/lib/bundler/vendor/thor/lib/thor/invocation.rb:126:in `invoke_command'&#10;/Users/rashadcureton/.rbenv/versions/2.4.1/lib/ruby/gems/2.4.0/gems/bundler-1.16.1/lib/bundler/vendor/thor/lib/thor.rb:387:in `dispatch'&#10;/Users/rashadcureton/.rbenv/versions/2.4.1/lib/ruby/gems/2.4.0/gems/bundler-1.16.1/lib/bundler/cli.rb:27:in `dispatch'&#10;/Users/rashadcureton/.rbenv/versions/2.4.1/lib/ruby/gems/2.4.0/gems/bundler-1.16.1/lib/bundler/vendor/thor/lib/thor/base.rb:466:in `start'&#10;/Users/rashadcureton/.rbenv/versions/2.4.1/lib/ruby/gems/2.4.0/gems/bundler-1.16.1/lib/bundler/cli.rb:18:in `start'&#10;/Users/rashadcureton/.rbenv/versions/2.4.1/lib/ruby/gems/2.4.0/gems/bundler-1.16.1/exe/bundle:30:in `block in &lt;top (required)&gt;'&#10;/Users/rashadcureton/.rbenv/versions/2.4.1/lib/ruby/gems/2.4.0/gems/bundler-1.16.1/lib/bundler/friendly_errors.rb:122:in `with_friendly_errors'&#10;/Users/rashadcureton/.rbenv/versions/2.4.1/lib/ruby/gems/2.4.0/gems/bundler-1.16.1/exe/bundle:22:in `&lt;top (required)&gt;'&#10;/Users/rashadcureton/.rbenv/versions/2.4.1/bin/bundle:22:in `load'&#10;/Users/rashadcureton/.rbenv/versions/2.4.1/bin/bundle:22:in `&lt;main&gt;'&#10;&#10;ERROR - Crashlytics Developer Tools error.&#10;java.lang.IllegalArgumentException: Crashlytics found an invalid API key: [[API_TOKEN]]. &#10;Check the Crashlytics plugin to make sure that the application has been add[[BUILD_SECRET]] successfully! &#10;Contact support@fabric.io for assistance.&#10;	at com.crashlytics.tools.android.DeveloperTools.processApiKey(DeveloperTools.java:375)&#10;	at com.crashlytics.tools.android.DeveloperTools.processProperties(DeveloperTools.java:515)&#10;	at com.crashlytics.tools.android.DeveloperTools.processArgsInternal(DeveloperTools.java:348)&#10;	at com.crashlytics.tools.android.DeveloperTools.main(DeveloperTools.java:273)&#10;Exception in thread &quot;main&quot; com.crashlytics.tools.android.exception.PluginException: Crashlytics Developer Tools error.&#10;	at com.crashlytics.tools.android.DeveloperTools.processArgsInternal(DeveloperTools.java:356)&#10;	at com.crashlytics.tools.android.DeveloperTools.main(DeveloperTools.java:273)&#10;Caus[[BUILD_SECRET]] by: java.lang.IllegalArgumentException: Crashlytics found an invalid API key: [[API_TOKEN]]. &#10;Check the Crashlytics plugin to make sure that the application has been add[[BUILD_SECRET]] successfully! &#10;Contact support@fabric.io for assistance.&#10;	at com.crashlytics.tools.android.DeveloperTools.processApiKey(DeveloperTools.java:375)&#10;	at com.crashlytics.tools.android.DeveloperTools.processProperties(DeveloperTools.java:515)&#10;	at com.crashlytics.tools.android.DeveloperTools.processArgsInternal(DeveloperTools.java:348)&#10;	... 1 more&#10;" />
        
      </testcase>
    
  </testsuite>
</testsuites>
